This is pdfTeX, Version 3.14159265-2.6-1.40.19 (TeX Live 2018) (preloaded format=pdflatex 2018.4.16)  16 JUN 2019 20:46
entering extended mode
 restricted \write18 enabled.
 %&-line parsing enabled.
**"Report on Convergence of IDLA to a Circle.tex"
(./Report on Convergence of IDLA to a Circle.tex
LaTeX2e <2018-04-01> patch level 2
Babel <3.18> and hyphenation patterns for 84 language(s) loaded.
(/usr/local/texlive/2018/texmf-dist/tex/latex/base/article.cls
Document Class: article 2014/09/29 v1.4h Standard LaTeX document class
(/usr/local/texlive/2018/texmf-dist/tex/latex/base/size10.clo
File: size10.clo 2014/09/29 v1.4h Standard LaTeX file (size option)
)
\c@part=\count80
\c@section=\count81
\c@subsection=\count82
\c@subsubsection=\count83
\c@paragraph=\count84
\c@subparagraph=\count85
\c@figure=\count86
\c@table=\count87
\abovecaptionskip=\skip41
\belowcaptionskip=\skip42
\bibindent=\dimen102
)
(/usr/local/texlive/2018/texmf-dist/tex/latex/geometry/geometry.sty
Package: geometry 2018/03/24 v5.7 Page Geometry

(/usr/local/texlive/2018/texmf-dist/tex/latex/graphics/keyval.sty
Package: keyval 2014/10/28 v1.15 key=value parser (DPC)
\KV@toks@=\toks14
)
(/usr/local/texlive/2018/texmf-dist/tex/generic/oberdiek/ifpdf.sty
Package: ifpdf 2017/03/15 v3.2 Provides the ifpdf switch
)
(/usr/local/texlive/2018/texmf-dist/tex/generic/oberdiek/ifvtex.sty
Package: ifvtex 2016/05/16 v1.6 Detect VTeX and its facilities (HO)
Package ifvtex Info: VTeX not detected.
)
(/usr/local/texlive/2018/texmf-dist/tex/generic/ifxetex/ifxetex.sty
Package: ifxetex 2010/09/12 v0.6 Provides ifxetex conditional
)
\Gm@cnth=\count88
\Gm@cntv=\count89
\c@Gm@tempcnt=\count90
\Gm@bindingoffset=\dimen103
\Gm@wd@mp=\dimen104
\Gm@odd@mp=\dimen105
\Gm@even@mp=\dimen106
\Gm@layoutwidth=\dimen107
\Gm@layoutheight=\dimen108
\Gm@layouthoffset=\dimen109
\Gm@layoutvoffset=\dimen110
\Gm@dimlist=\toks15
)
(/usr/local/texlive/2018/texmf-dist/tex/latex/base/inputenc.sty
Package: inputenc 2018/04/06 v1.3b Input encoding file
\inpenc@prehook=\toks16
\inpenc@posthook=\toks17
)
(/usr/local/texlive/2018/texmf-dist/tex/latex/tools/indentfirst.sty
Package: indentfirst 1995/11/23 v1.03 Indent first paragraph (DPC)
)
(/usr/local/texlive/2018/texmf-dist/tex/latex/amsmath/amsmath.sty
Package: amsmath 2017/09/02 v2.17a AMS math features
\@mathmargin=\skip43

For additional information on amsmath, use the `?' option.
(/usr/local/texlive/2018/texmf-dist/tex/latex/amsmath/amstext.sty
Package: amstext 2000/06/29 v2.01 AMS text

(/usr/local/texlive/2018/texmf-dist/tex/latex/amsmath/amsgen.sty
File: amsgen.sty 1999/11/30 v2.0 generic functions
\@emptytoks=\toks18
\ex@=\dimen111
))
(/usr/local/texlive/2018/texmf-dist/tex/latex/amsmath/amsbsy.sty
Package: amsbsy 1999/11/29 v1.2d Bold Symbols
\pmbraise@=\dimen112
)
(/usr/local/texlive/2018/texmf-dist/tex/latex/amsmath/amsopn.sty
Package: amsopn 2016/03/08 v2.02 operator names
)
\inf@bad=\count91
LaTeX Info: Redefining \frac on input line 213.
\uproot@=\count92
\leftroot@=\count93
LaTeX Info: Redefining \overline on input line 375.
\classnum@=\count94
\DOTSCASE@=\count95
LaTeX Info: Redefining \ldots on input line 472.
LaTeX Info: Redefining \dots on input line 475.
LaTeX Info: Redefining \cdots on input line 596.
\Mathstrutbox@=\box26
\strutbox@=\box27
\big@size=\dimen113
LaTeX Font Info:    Redeclaring font encoding OML on input line 712.
LaTeX Font Info:    Redeclaring font encoding OMS on input line 713.
\macc@depth=\count96
\c@MaxMatrixCols=\count97
\dotsspace@=\muskip10
\c@parentequation=\count98
\dspbrk@lvl=\count99
\tag@help=\toks19
\row@=\count100
\column@=\count101
\maxfields@=\count102
\andhelp@=\toks20
\eqnshift@=\dimen114
\alignsep@=\dimen115
\tagshift@=\dimen116
\tagwidth@=\dimen117
\totwidth@=\dimen118
\lineht@=\dimen119
\@envbody=\toks21
\multlinegap=\skip44
\multlinetaggap=\skip45
\mathdisplay@stack=\toks22
LaTeX Info: Redefining \[ on input line 2817.
LaTeX Info: Redefining \] on input line 2818.
)
(/usr/local/texlive/2018/texmf-dist/tex/latex/amsfonts/amsfonts.sty
Package: amsfonts 2013/01/14 v3.01 Basic AMSFonts support
\symAMSa=\mathgroup4
\symAMSb=\mathgroup5
LaTeX Font Info:    Overwriting math alphabet `\mathfrak' in version `bold'
(Font)                  U/euf/m/n --> U/euf/b/n on input line 106.
)
(/usr/local/texlive/2018/texmf-dist/tex/latex/amscls/amsthm.sty
Package: amsthm 2017/10/31 v2.20.4
\thm@style=\toks23
\thm@bodyfont=\toks24
\thm@headfont=\toks25
\thm@notefont=\toks26
\thm@headpunct=\toks27
\thm@preskip=\skip46
\thm@postskip=\skip47
\thm@headsep=\skip48
\dth@everypar=\toks28
)
(/usr/local/texlive/2018/texmf-dist/tex/generic/babel/babel.sty
Package: babel 2018/02/14 3.18 The Babel package

(/usr/local/texlive/2018/texmf-dist/tex/generic/babel/switch.def
File: switch.def 2018/02/14 3.18 Babel switching mechanism
)
(/usr/local/texlive/2018/texmf-dist/tex/generic/babel-english/english.ldf
Language: english 2017/06/06 v3.3r English support from the babel system

(/usr/local/texlive/2018/texmf-dist/tex/generic/babel/babel.def
File: babel.def 2018/02/14 3.18 Babel common definitions
\babel@savecnt=\count103
\U@D=\dimen120

(/usr/local/texlive/2018/texmf-dist/tex/generic/babel/txtbabel.def)
\bbl@dirlevel=\count104
)
\l@canadian = a dialect from \language\l@american 
\l@australian = a dialect from \language\l@british 
\l@newzealand = a dialect from \language\l@british 
))
(/usr/local/texlive/2018/texmf-dist/tex/latex/csquotes/csquotes.sty
Package: csquotes 2018/02/11 v5.2c context-sensitive quotations (JAW)

(/usr/local/texlive/2018/texmf-dist/tex/latex/etoolbox/etoolbox.sty
Package: etoolbox 2018/02/11 v2.5e e-TeX tools for LaTeX (JAW)
\etb@tempcnta=\count105
)
\csq@reset=\count106
\csq@gtype=\count107
\csq@glevel=\count108
\csq@qlevel=\count109
\csq@maxlvl=\count110
\csq@tshold=\count111
\csq@ltx@everypar=\toks29

(/usr/local/texlive/2018/texmf-dist/tex/latex/csquotes/csquotes.def
File: csquotes.def 2018/02/11 v5.2c csquotes generic definitions (JAW)
)
Package csquotes Info: Trying to load configuration file 'csquotes.cfg'...
Package csquotes Info: ... configuration file loaded successfully.

(/usr/local/texlive/2018/texmf-dist/tex/latex/csquotes/csquotes.cfg
File: csquotes.cfg 
)
Package csquotes Info: Enabling multilingual quotes.
)
(/usr/local/texlive/2018/texmf-dist/tex/latex/listings/listings.sty
\lst@mode=\count112
\lst@gtempboxa=\box28
\lst@token=\toks30
\lst@length=\count113
\lst@currlwidth=\dimen121
\lst@column=\count114
\lst@pos=\count115
\lst@lostspace=\dimen122
\lst@width=\dimen123
\lst@newlines=\count116
\lst@lineno=\count117
\lst@maxwidth=\dimen124

(/usr/local/texlive/2018/texmf-dist/tex/latex/listings/lstmisc.sty
File: lstmisc.sty 2015/06/04 1.6 (Carsten Heinz)
\c@lstnumber=\count118
\lst@skipnumbers=\count119
\lst@framebox=\box29
)
(/usr/local/texlive/2018/texmf-dist/tex/latex/listings/listings.cfg
File: listings.cfg 2015/06/04 1.6 listings configuration
))
Package: listings 2015/06/04 1.6 (Carsten Heinz)

(/usr/local/texlive/2018/texmf-dist/tex/latex/lstaddons/lstautogobble.sty
Package: lstautogobble 2012/05/03 v0.1 Implements 'autogobble' option for 'list
ings'
\lstag@spacecount=\count120
)
(/usr/local/texlive/2018/texmf-dist/tex/latex/graphics/graphicx.sty
Package: graphicx 2017/06/01 v1.1a Enhanced LaTeX Graphics (DPC,SPQR)

(/usr/local/texlive/2018/texmf-dist/tex/latex/graphics/graphics.sty
Package: graphics 2017/06/25 v1.2c Standard LaTeX Graphics (DPC,SPQR)

(/usr/local/texlive/2018/texmf-dist/tex/latex/graphics/trig.sty
Package: trig 2016/01/03 v1.10 sin cos tan (DPC)
)
(/usr/local/texlive/2018/texmf-dist/tex/latex/graphics-cfg/graphics.cfg
File: graphics.cfg 2016/06/04 v1.11 sample graphics configuration
)
Package graphics Info: Driver file: pdftex.def on input line 99.

(/usr/local/texlive/2018/texmf-dist/tex/latex/graphics-def/pdftex.def
File: pdftex.def 2018/01/08 v1.0l Graphics/color driver for pdftex
))
\Gin@req@height=\dimen125
\Gin@req@width=\dimen126
)
(/usr/local/texlive/2018/texmf-dist/tex/latex/adjustbox/adjustbox.sty
Package: adjustbox 2018/04/08 v1.1 Adjusting TeX boxes (trim, clip, ...)

(/usr/local/texlive/2018/texmf-dist/tex/latex/xkeyval/xkeyval.sty
Package: xkeyval 2014/12/03 v2.7a package option processing (HA)

(/usr/local/texlive/2018/texmf-dist/tex/generic/xkeyval/xkeyval.tex
(/usr/local/texlive/2018/texmf-dist/tex/generic/xkeyval/xkvutils.tex
\XKV@toks=\toks31
\XKV@tempa@toks=\toks32
)
\XKV@depth=\count121
File: xkeyval.tex 2014/12/03 v2.7a key=value parser (HA)
))
(/usr/local/texlive/2018/texmf-dist/tex/latex/adjustbox/adjcalc.sty
Package: adjcalc 2012/05/16 v1.1 Provides advanced setlength with multiple back
-ends (calc, etex, pgfmath)
)
(/usr/local/texlive/2018/texmf-dist/tex/latex/adjustbox/trimclip.sty
Package: trimclip 2018/04/08 v1.1 Trim and clip general TeX material

(/usr/local/texlive/2018/texmf-dist/tex/latex/collectbox/collectbox.sty
Package: collectbox 2012/05/17 v0.4b Collect macro arguments as boxes
\collectedbox=\box30
)
\tc@llx=\dimen127
\tc@lly=\dimen128
\tc@urx=\dimen129
\tc@ury=\dimen130
Package trimclip Info: Using driver 'tc-pdftex.def'.

(/usr/local/texlive/2018/texmf-dist/tex/latex/adjustbox/tc-pdftex.def
File: tc-pdftex.def 2018/04/08 v2.1 Clipping driver for pdftex
))
\adjbox@Width=\dimen131
\adjbox@Height=\dimen132
\adjbox@Depth=\dimen133
\adjbox@Totalheight=\dimen134
\adjbox@pwidth=\dimen135
\adjbox@pheight=\dimen136
\adjbox@pdepth=\dimen137
\adjbox@ptotalheight=\dimen138

(/usr/local/texlive/2018/texmf-dist/tex/latex/ifoddpage/ifoddpage.sty
Package: ifoddpage 2016/04/23 v1.1 Conditionals for odd/even page detection
\c@checkoddpage=\count122
)
(/usr/local/texlive/2018/texmf-dist/tex/latex/varwidth/varwidth.sty
Package: varwidth 2009/03/30 ver 0.92;  Variable-width minipages
\@vwid@box=\box31
\sift@deathcycles=\count123
\@vwid@loff=\dimen139
\@vwid@roff=\dimen140
))
(/usr/local/texlive/2018/texmf-dist/tex/latex/chngcntr/chngcntr.sty
Package: chngcntr 2009/09/02 v1.0a change counter resetting


! LaTeX Error: Command \counterwithout already defined.
               Or name \end... illegal, see p.192 of the manual.

See the LaTeX manual or LaTeX Companion for explanation.
Type  H <return>  for immediate help.
 ...                                              
                                                  
l.42 ...thout}{\@ifstar{\c@t@soutstar}{\c@t@sout}}
                                                  
Your command was ignored.
Type  I <command> <return>  to replace it with another command,
or  <return>  to continue without it.


! LaTeX Error: Command \counterwithin already defined.
               Or name \end... illegal, see p.192 of the manual.

See the LaTeX manual or LaTeX Companion for explanation.
Type  H <return>  for immediate help.
 ...                                              
                                                  
l.51 ...rwithin}{\@ifstar{\c@t@sinstar}{\c@t@sin}}
                                                  
Your command was ignored.
Type  I <command> <return>  to replace it with another command,
or  <return>  to continue without it.

) (/usr/local/texlive/2018/texmf-dist/tex/latex/wrapfig/wrapfig.sty
\wrapoverhang=\dimen141
\WF@size=\dimen142
\c@WF@wrappedlines=\count124
\WF@box=\box32
\WF@everypar=\toks33
Package: wrapfig 2003/01/31  v 3.6
)
(/usr/local/texlive/2018/texmf-dist/tex/latex/caption/caption.sty
Package: caption 2016/02/21 v3.3-144 Customizing captions (AR)

(/usr/local/texlive/2018/texmf-dist/tex/latex/caption/caption3.sty
Package: caption3 2016/05/22 v1.7-166 caption3 kernel (AR)
Package caption3 Info: TeX engine: e-TeX on input line 67.
\captionmargin=\dimen143
\captionmargin@=\dimen144
\captionwidth=\dimen145
\caption@tempdima=\dimen146
\caption@indent=\dimen147
\caption@parindent=\dimen148
\caption@hangindent=\dimen149
)
\c@ContinuedFloat=\count125
Package caption Info: listings package is loaded.
Package caption Info: wrapfig package is loaded.
)
(/usr/local/texlive/2018/texmf-dist/tex/latex/caption/subcaption.sty
Package: subcaption 2016/05/22 v1.1-161 Sub-captions (AR)
\c@subfigure=\count126
\c@subtable=\count127
)
Package csquotes Info: Checking for multilingual support...
Package csquotes Info: ... found 'babel' package.

No file "Report on Convergence of IDLA to a Circle".aux.
\openout1 = `"Report on Convergence of IDLA to a Circle.aux"'.

LaTeX Font Info:    Checking defaults for OML/cmm/m/it on input line 67.
LaTeX Font Info:    ... okay on input line 67.
LaTeX Font Info:    Checking defaults for T1/cmr/m/n on input line 67.
LaTeX Font Info:    ... okay on input line 67.
LaTeX Font Info:    Checking defaults for OT1/cmr/m/n on input line 67.
LaTeX Font Info:    ... okay on input line 67.
LaTeX Font Info:    Checking defaults for OMS/cmsy/m/n on input line 67.
LaTeX Font Info:    ... okay on input line 67.
LaTeX Font Info:    Checking defaults for OMX/cmex/m/n on input line 67.
LaTeX Font Info:    ... okay on input line 67.
LaTeX Font Info:    Checking defaults for U/cmr/m/n on input line 67.
LaTeX Font Info:    ... okay on input line 67.
*geometry* driver: auto-detecting
*geometry* detected driver: pdftex
*geometry* verbose mode - [ preamble ] result:
* driver: pdftex
* paper: custom
* layout: <same size as paper>
* layoutoffset:(h,v)=(0.0pt,0.0pt)
* modes: 
* h-part:(L,W,R)=(92.14519pt, 430.00462pt, 92.14519pt)
* v-part:(T,H,B)=(95.39737pt, 556.47656pt, 143.09605pt)
* \paperwidth=614.295pt
* \paperheight=794.96999pt
* \textwidth=430.00462pt
* \textheight=556.47656pt
* \oddsidemargin=19.8752pt
* \evensidemargin=19.8752pt
* \topmargin=-13.87262pt
* \headheight=12.0pt
* \headsep=25.0pt
* \topskip=10.0pt
* \footskip=30.0pt
* \marginparwidth=65.0pt
* \marginparsep=11.0pt
* \columnsep=10.0pt
* \skip\footins=9.0pt plus 4.0pt minus 2.0pt
* \hoffset=0.0pt
* \voffset=0.0pt
* \mag=1000
* \@twocolumnfalse
* \@twosidefalse
* \@mparswitchfalse
* \@reversemarginfalse
* (1in=72.27pt=25.4mm, 1cm=28.453pt)

\c@lstlisting=\count128
(/usr/local/texlive/2018/texmf-dist/tex/context/base/mkii/supp-pdf.mkii
[Loading MPS to PDF converter (version 2006.09.02).]
\scratchcounter=\count129
\scratchdimen=\dimen150
\scratchbox=\box33
\nofMPsegments=\count130
\nofMParguments=\count131
\everyMPshowfont=\toks34
\MPscratchCnt=\count132
\MPscratchDim=\dimen151
\MPnumerator=\count133
\makeMPintoPDFobject=\count134
\everyMPtoPDFconversion=\toks35
) (/usr/local/texlive/2018/texmf-dist/tex/latex/oberdiek/epstopdf-base.sty
Package: epstopdf-base 2016/05/15 v2.6 Base part for package epstopdf

(/usr/local/texlive/2018/texmf-dist/tex/generic/oberdiek/infwarerr.sty
Package: infwarerr 2016/05/16 v1.4 Providing info/warning/error messages (HO)
)
(/usr/local/texlive/2018/texmf-dist/tex/latex/oberdiek/grfext.sty
Package: grfext 2016/05/16 v1.2 Manage graphics extensions (HO)

(/usr/local/texlive/2018/texmf-dist/tex/generic/oberdiek/kvdefinekeys.sty
Package: kvdefinekeys 2016/05/16 v1.4 Define keys (HO)

(/usr/local/texlive/2018/texmf-dist/tex/generic/oberdiek/ltxcmds.sty
Package: ltxcmds 2016/05/16 v1.23 LaTeX kernel commands for general use (HO)
)))
(/usr/local/texlive/2018/texmf-dist/tex/latex/oberdiek/kvoptions.sty
Package: kvoptions 2016/05/16 v3.12 Key value format for package options (HO)

(/usr/local/texlive/2018/texmf-dist/tex/generic/oberdiek/kvsetkeys.sty
Package: kvsetkeys 2016/05/16 v1.17 Key value parser (HO)

(/usr/local/texlive/2018/texmf-dist/tex/generic/oberdiek/etexcmds.sty
Package: etexcmds 2016/05/16 v1.6 Avoid name clashes with e-TeX commands (HO)

(/usr/local/texlive/2018/texmf-dist/tex/generic/oberdiek/ifluatex.sty
Package: ifluatex 2016/05/16 v1.4 Provides the ifluatex switch (HO)
Package ifluatex Info: LuaTeX not detected.
)
Package etexcmds Info: Could not find \expanded.
(etexcmds)             That can mean that you are not using pdfTeX 1.50 or
(etexcmds)             that some package has redefined \expanded.
(etexcmds)             In the latter case, load this package earlier.
)))
(/usr/local/texlive/2018/texmf-dist/tex/generic/oberdiek/pdftexcmds.sty
Package: pdftexcmds 2018/01/30 v0.27 Utility functions of pdfTeX for LuaTeX (HO
)
Package pdftexcmds Info: LuaTeX not detected.
Package pdftexcmds Info: \pdf@primitive is available.
Package pdftexcmds Info: \pdf@ifprimitive is available.
Package pdftexcmds Info: \pdfdraftmode found.
)
Package epstopdf-base Info: Redefining graphics rule for `.eps' on input line 4
38.
Package grfext Info: Graphics extension search list:
(grfext)             [.pdf,.png,.jpg,.mps,.jpeg,.jbig2,.jb2,.PDF,.PNG,.JPG,.JPE
G,.JBIG2,.JB2,.eps]
(grfext)             \AppendGraphicsExtensions on input line 456.

(/usr/local/texlive/2018/texmf-dist/tex/latex/latexconfig/epstopdf-sys.cfg
File: epstopdf-sys.cfg 2010/07/13 v1.3 Configuration of (r)epstopdf for TeX Liv
e
))
Package caption Info: Begin \AtBeginDocument code.
Package caption Info: End \AtBeginDocument code.
LaTeX Font Info:    Try loading font information for U+msa on input line 69.

(/usr/local/texlive/2018/texmf-dist/tex/latex/amsfonts/umsa.fd
File: umsa.fd 2013/01/14 v3.01 AMS symbols A
)
LaTeX Font Info:    Try loading font information for U+msb on input line 69.

(/usr/local/texlive/2018/texmf-dist/tex/latex/amsfonts/umsb.fd
File: umsb.fd 2013/01/14 v3.01 AMS symbols B
)
<8direct_Npart100_3suW11T.jpg, id=1, 2746.26pt x 1582.91376pt>
File: 8direct_Npart100_3suW11T.jpg Graphic file (type jpg)
<use 8direct_Npart100_3suW11T.jpg>
Package pdftex.def Info: 8direct_Npart100_3suW11T.jpg  used on input line 84.
(pdftex.def)             Requested size: 129.00269pt x 74.34381pt.
<8direct_Npart1000_3suW11T.jpg, id=2, 1264.725pt x 948.54375pt>
File: 8direct_Npart1000_3suW11T.jpg Graphic file (type jpg)
<use 8direct_Npart1000_3suW11T.jpg>
Package pdftex.def Info: 8direct_Npart1000_3suW11T.jpg  used on input line 89.
(pdftex.def)             Requested size: 129.00269pt x 96.74149pt.
<8direct_Npart10000_3suW11T.jpg, id=3, 1264.725pt x 948.54375pt>
File: 8direct_Npart10000_3suW11T.jpg Graphic file (type jpg)
<use 8direct_Npart10000_3suW11T.jpg>
Package pdftex.def Info: 8direct_Npart10000_3suW11T.jpg  used on input line 94.

(pdftex.def)             Requested size: 129.00269pt x 96.74149pt.
 [1

{/usr/local/texlive/2018/texmf-var/fonts/map/pdftex/updmap/pdftex.map} <./8dire
ct_Npart100_3suW11T.jpg> <./8direct_Npart1000_3suW11T.jpg> <./8direct_Npart1000
0_3suW11T.jpg>]
<4direct_Npart100_3suW11T.jpg, id=22, 1264.725pt x 948.54375pt>
File: 4direct_Npart100_3suW11T.jpg Graphic file (type jpg)
<use 4direct_Npart100_3suW11T.jpg>
Package pdftex.def Info: 4direct_Npart100_3suW11T.jpg  used on input line 111.
(pdftex.def)             Requested size: 129.00269pt x 96.74149pt.
<4direct_Npart1000_3suW11T.jpg, id=23, 1264.725pt x 948.54375pt>
File: 4direct_Npart1000_3suW11T.jpg Graphic file (type jpg)
<use 4direct_Npart1000_3suW11T.jpg>
Package pdftex.def Info: 4direct_Npart1000_3suW11T.jpg  used on input line 116.

(pdftex.def)             Requested size: 129.00269pt x 96.74149pt.
<4direct_Npart10000_3suW11T.jpg, id=24, 2746.26pt x 1582.91376pt>
File: 4direct_Npart10000_3suW11T.jpg Graphic file (type jpg)
<use 4direct_Npart10000_3suW11T.jpg>
Package pdftex.def Info: 4direct_Npart10000_3suW11T.jpg  used on input line 121
.
(pdftex.def)             Requested size: 129.00269pt x 74.34381pt.
 [2 <./4direct_Npart100_3suW11T.jpg> <./4direct_Npart1000_3suW11T.jpg> <./4dire
ct_Npart10000_3suW11T.jpg>]
<bdryAlg2.jpg, id=29, 729.72626pt x 154.5775pt>
File: bdryAlg2.jpg Graphic file (type jpg)
<use bdryAlg2.jpg>
Package pdftex.def Info: bdryAlg2.jpg  used on input line 143.
(pdftex.def)             Requested size: 301.00192pt x 63.75928pt.
<3bdry1.jpg, id=30, 2746.26pt x 1582.91376pt>
File: 3bdry1.jpg Graphic file (type jpg)
<use 3bdry1.jpg>
Package pdftex.def Info: 3bdry1.jpg  used on input line 165.
(pdftex.def)             Requested size: 129.00269pt x 74.34381pt.
<3bdry2.jpg, id=31, 2746.26pt x 1582.91376pt>
File: 3bdry2.jpg Graphic file (type jpg)
<use 3bdry2.jpg>
Package pdftex.def Info: 3bdry2.jpg  used on input line 170.
(pdftex.def)             Requested size: 129.00269pt x 74.34381pt.
<3bdry3.jpg, id=32, 2746.26pt x 1582.91376pt>
File: 3bdry3.jpg Graphic file (type jpg)
<use 3bdry3.jpg>
Package pdftex.def Info: 3bdry3.jpg  used on input line 175.
(pdftex.def)             Requested size: 129.00269pt x 74.34381pt.
 [3 <./bdryAlg2.jpg>]
<bdryRandSTD.jpg, id=36, 2746.26pt x 1582.91376pt>
File: bdryRandSTD.jpg Graphic file (type jpg)
<use bdryRandSTD.jpg>
Package pdftex.def Info: bdryRandSTD.jpg  used on input line 192.
(pdftex.def)             Requested size: 387.00153pt x 223.05562pt.
 [4 <./3bdry1.jpg> <./3bdry2.jpg> <./3bdry3.jpg> <./bdryRandSTD.jpg>]
<NonrmvSetup.jpg, id=40, 498.86375pt x 493.845pt>
File: NonrmvSetup.jpg Graphic file (type jpg)
<use NonrmvSetup.jpg>
Package pdftex.def Info: NonrmvSetup.jpg  used on input line 226.
(pdftex.def)             Requested size: 85.9996pt x 85.12807pt.

Underfull \hbox (badness 10000) in paragraph at lines 227--227
[]\OT1/cmr/m/n/9 (a) |The \  non-
 []

<RmvSetup.jpg, id=41, 502.87875pt x 499.8675pt>
File: RmvSetup.jpg Graphic file (type jpg)
<use RmvSetup.jpg>
Package pdftex.def Info: RmvSetup.jpg  used on input line 231.
(pdftex.def)             Requested size: 85.9996pt x 85.47975pt.

Underfull \hbox (badness 10000) in paragraph at lines 232--232
[]\OT1/cmr/m/n/9 (b) |The \  re-move"
 []

<NonrmvCircle.jpg, id=42, 2746.26pt x 1582.91376pt>
File: NonrmvCircle.jpg Graphic file (type jpg)
<use NonrmvCircle.jpg>
Package pdftex.def Info: NonrmvCircle.jpg  used on input line 245.
(pdftex.def)             Requested size: 430.00462pt x 247.83688pt.
<NonrmvCircleZI.jpg, id=43, 2746.26pt x 1582.91376pt>
File: NonrmvCircleZI.jpg Graphic file (type jpg)
<use NonrmvCircleZI.jpg>
Package pdftex.def Info: NonrmvCircleZI.jpg  used on input line 250.
(pdftex.def)             Requested size: 430.00462pt x 247.83688pt.

LaTeX Warning: Float too large for page by 8.1972pt on input line 257.

[5 <./NonrmvSetup.jpg> <./RmvSetup.jpg>] [6 <./NonrmvCircle.jpg> <./NonrmvCircl
eZI.jpg>]
<rmvCircleZI.jpg, id=53, 2746.26pt x 1582.91376pt>
File: rmvCircleZI.jpg Graphic file (type jpg)
<use rmvCircleZI.jpg>
Package pdftex.def Info: rmvCircleZI.jpg  used on input line 270.
(pdftex.def)             Requested size: 430.00462pt x 247.83688pt.
 [7 <./rmvCircleZI.jpg>] [8]
<4ty.jpg, id=65, 752.8125pt x 268.00125pt>
File: 4ty.jpg Graphic file (type jpg)
<use 4ty.jpg>
Package pdftex.def Info: 4ty.jpg  used on input line 340.
(pdftex.def)             Requested size: 215.0023pt x 76.54062pt.
<4tyDeri.jpg, id=66, 734.745pt x 580.1675pt>
File: 4tyDeri.jpg Graphic file (type jpg)
<use 4tyDeri.jpg>
Package pdftex.def Info: 4tyDeri.jpg  used on input line 373.
(pdftex.def)             Requested size: 215.0023pt x 169.7669pt.


LaTeX Warning: `h' float specifier changed to `ht'.

[9 <./4ty.jpg>] [10 <./4tyDeri.jpg>]
<4tyMultR.jpg, id=73, 752.8125pt x 550.055pt>
File: 4tyMultR.jpg Graphic file (type jpg)
<use 4tyMultR.jpg>
Package pdftex.def Info: 4tyMultR.jpg  used on input line 444.
(pdftex.def)             Requested size: 171.99922pt x 125.67067pt.
 [11 <./4tyMultR.jpg>]
<6ty.jpg, id=77, 752.8125pt x 458.71375pt>
File: 6ty.jpg Graphic file (type jpg)
<use 6ty.jpg>
Package pdftex.def Info: 6ty.jpg  used on input line 477.
(pdftex.def)             Requested size: 215.0023pt x 131.00775pt.
 [12 <./6ty.jpg>]
Overfull \hbox (17.98149pt too wide) detected at line 517
\OML/cmm/m/it/10 d[] \OMS/cmsy/m/n/10 ^^T  \OML/cmm/m/it/10 p[] \OT1/cmr/m/n/10
 ([])[] + \OML/cmm/m/it/10 p[] \OT1/cmr/m/n/10 ([])[] + \OML/cmm/m/it/10 p[] \O
T1/cmr/m/n/10 ([])[] + \OML/cmm/m/it/10 p[] \OT1/cmr/m/n/10 ([])[][]  = ([] \OM
S/cmsy/m/n/10 ^^@ \OT1/cmr/m/n/10 1) \OMS/cmsy/m/n/10 ^^B \OT1/cmr/m/n/10 ([])[
] + (1 \OMS/cmsy/m/n/10 ^^@ []\OT1/cmr/m/n/10 ) \OMS/cmsy/m/n/10 ^^B \OT1/cmr/m
/n/10 ([])[] + (1 \OMS/cmsy/m/n/10 ^^@ []\OT1/cmr/m/n/10 ) \OMS/cmsy/m/n/10 ^^B
 \OT1/cmr/m/n/10 ([])[][]  \OMS/cmsy/m/n/10 ^^Y \OT1/cmr/m/n/10 0\OML/cmm/m/it/
10 :\OT1/cmr/m/n/10 25
 []

[13] (./Report on Convergence of IDLA to a Circle.aux)

LaTeX Warning: Label(s) may have changed. Rerun to get cross-references right.

 ) 
Here is how much of TeX's memory you used:
 7700 strings out of 492649
 116184 string characters out of 6129622
 214890 words of memory out of 5000000
 11415 multiletter control sequences out of 15000+600000
 13682 words of font info for 54 fonts, out of 8000000 for 9000
 1141 hyphenation exceptions out of 8191
 53i,10n,92p,1159b,577s stack positions out of 5000i,500n,10000p,200000b,80000s
</usr/local/texlive/2018/texmf-dist/fonts/type1/public/amsfonts/cm/cmbx10.pfb
></usr/local/texlive/2018/texmf-dist/fonts/type1/public/amsfonts/cm/cmbx12.pfb>
</usr/local/texlive/2018/texmf-dist/fonts/type1/public/amsfonts/cm/cmex10.pfb><
/usr/local/texlive/2018/texmf-dist/fonts/type1/public/amsfonts/cm/cmmi10.pfb></
usr/local/texlive/2018/texmf-dist/fonts/type1/public/amsfonts/cm/cmmi12.pfb></u
sr/local/texlive/2018/texmf-dist/fonts/type1/public/amsfonts/cm/cmmi5.pfb></usr
/local/texlive/2018/texmf-dist/fonts/type1/public/amsfonts/cm/cmmi7.pfb></usr/l
ocal/texlive/2018/texmf-dist/fonts/type1/public/amsfonts/cm/cmr10.pfb></usr/loc
al/texlive/2018/texmf-dist/fonts/type1/public/amsfonts/cm/cmr12.pfb></usr/local
/texlive/2018/texmf-dist/fonts/type1/public/amsfonts/cm/cmr17.pfb></usr/local/t
exlive/2018/texmf-dist/fonts/type1/public/amsfonts/cm/cmr5.pfb></usr/local/texl
ive/2018/texmf-dist/fonts/type1/public/amsfonts/cm/cmr6.pfb></usr/local/texlive
/2018/texmf-dist/fonts/type1/public/amsfonts/cm/cmr7.pfb></usr/local/texlive/20
18/texmf-dist/fonts/type1/public/amsfonts/cm/cmr8.pfb></usr/local/texlive/2018/
texmf-dist/fonts/type1/public/amsfonts/cm/cmr9.pfb></usr/local/texlive/2018/tex
mf-dist/fonts/type1/public/amsfonts/cm/cmsy10.pfb></usr/local/texlive/2018/texm
f-dist/fonts/type1/public/amsfonts/cm/cmsy7.pfb></usr/local/texlive/2018/texmf-
dist/fonts/type1/public/amsfonts/cm/cmsy9.pfb></usr/local/texlive/2018/texmf-di
st/fonts/type1/public/amsfonts/cm/cmtt10.pfb></usr/local/texlive/2018/texmf-dis
t/fonts/type1/public/amsfonts/cm/cmtt9.pfb></usr/local/texlive/2018/texmf-dist/
fonts/type1/public/amsfonts/symbols/msbm10.pfb>
Output written on "Report on Convergence of IDLA to a Circle.pdf" (13 pages, 15
75093 bytes).
PDF statistics:
 151 PDF objects out of 1000 (max. 8388607)
 94 compressed objects within 1 object stream
 0 named destinations out of 1000 (max. 500000)
 101 words of extra memory for PDF output out of 10000 (max. 10000000)

